ROUND 1
Player HITS: 0 | MISSES: 0
  0 1 2 3 4 5 6 7 8 9
0|-|-|-|-|-|-|-|-|-|-|
1|-|m|-|-|-|-|-|-|d|d|
2|-|-|-|-|-|-|-|-|-|-|
3|b|b|b|b|-|-|-|-|-|-|
4|-|-|-|-|-|-|-|-|-|-|
5|-|-|-|-|-|-|-|-|-|-|
6|-|-|-|-|-|-|-|-|-|-|
7|-|-|-|-|-|-|-|s|s|s|
8|-|-|-|-|r|r|r|-|-|-|
9|-|c|c|c|c|c|-|-|-|-|
HIT/MISS RATIO: nan
ROUND 2
Player HITS: 0 | MISSES: 1
  0 1 2 3 4 5 6 7 8 9
0|-|-|-|-|-|-|-|-|-|-|
1|-|m|-|-|-|-|-|-|d|d|
2|-|m|-|-|-|-|-|-|-|-|
3|b|b|b|b|-|-|-|-|-|-|
4|-|-|-|-|-|-|-|-|-|-|
5|-|-|-|-|-|-|-|-|-|-|
6|-|-|-|-|-|-|-|-|-|-|
7|-|-|-|-|-|-|-|s|s|s|
8|-|-|-|-|r|r|r|-|-|-|
9|-|c|c|c|c|c|-|-|-|-|
HIT/MISS RATIO: 0.000000
ROUND 3
Player HITS: 0 | MISSES: 2
  0 1 2 3 4 5 6 7 8 9
0|-|-|-|-|-|-|-|-|-|-|
1|-|m|-|-|-|-|-|-|d|d|
2|-|m|-|-|-|-|-|-|-|-|
3|b|*|b|b|-|-|-|-|-|-|
4|-|-|-|-|-|-|-|-|-|-|
5|-|-|-|-|-|-|-|-|-|-|
6|-|-|-|-|-|-|-|-|-|-|
7|-|-|-|-|-|-|-|s|s|s|
8|-|-|-|-|r|r|r|-|-|-|
9|-|c|c|c|c|c|-|-|-|-|
HIT/MISS RATIO: 0.000000
ROUND 4
Player HITS: 1 | MISSES: 2
  0 1 2 3 4 5 6 7 8 9
0|-|-|-|-|-|-|-|-|-|-|
1|-|m|-|-|-|-|-|-|d|d|
2|-|m|-|-|-|-|-|-|-|-|
3|b|*|b|b|-|-|-|-|-|-|
4|-|m|-|-|-|-|-|-|-|-|
5|-|-|-|-|-|-|-|-|-|-|
6|-|-|-|-|-|-|-|-|-|-|
7|-|-|-|-|-|-|-|s|s|s|
8|-|-|-|-|r|r|r|-|-|-|
9|-|c|c|c|c|c|-|-|-|-|
HIT/MISS RATIO: 0.500000
ROUND 5
Player HITS: 1 | MISSES: 3
  0 1 2 3 4 5 6 7 8 9
0|-|-|-|-|-|-|-|-|-|-|
1|-|m|-|-|-|-|-|-|d|d|
2|-|m|m|-|-|-|-|-|-|-|
3|b|*|b|b|-|-|-|-|-|-|
4|-|m|-|-|-|-|-|-|-|-|
5|-|-|-|-|-|-|-|-|-|-|
6|-|-|-|-|-|-|-|-|-|-|
7|-|-|-|-|-|-|-|s|s|s|
8|-|-|-|-|r|r|r|-|-|-|
9|-|c|c|c|c|c|-|-|-|-|
HIT/MISS RATIO: 0.333333
ROUND 6
Player HITS: 1 | MISSES: 4
  0 1 2 3 4 5 6 7 8 9
0|-|-|-|-|-|-|-|-|-|-|
1|-|m|-|-|-|-|-|-|d|d|
2|-|m|m|-|-|-|-|-|-|-|
3|b|*|*|b|-|-|-|-|-|-|
4|-|m|-|-|-|-|-|-|-|-|
5|-|-|-|-|-|-|-|-|-|-|
6|-|-|-|-|-|-|-|-|-|-|
7|-|-|-|-|-|-|-|s|s|s|
8|-|-|-|-|r|r|r|-|-|-|
9|-|c|c|c|c|c|-|-|-|-|
HIT/MISS RATIO: 0.250000
ROUND 7
Player HITS: 2 | MISSES: 4
  0 1 2 3 4 5 6 7 8 9
0|-|-|-|-|-|-|-|-|-|-|
1|-|m|-|-|-|-|-|-|d|d|
2|-|m|m|-|-|-|-|-|-|-|
3|*|*|*|b|-|-|-|-|-|-|
4|-|m|-|-|-|-|-|-|-|-|
5|-|-|-|-|-|-|-|-|-|-|
6|-|-|-|-|-|-|-|-|-|-|
7|-|-|-|-|-|-|-|s|s|s|
8|-|-|-|-|r|r|r|-|-|-|
9|-|c|c|c|c|c|-|-|-|-|
HIT/MISS RATIO: 0.500000
ROUND 8
Player HITS: 3 | MISSES: 4
  0 1 2 3 4 5 6 7 8 9
0|-|-|-|-|-|-|-|-|-|-|
1|-|m|-|-|-|-|-|-|d|d|
2|-|m|m|-|-|-|-|-|-|-|
3|*|*|*|*|-|-|-|-|-|-|
4|-|m|-|-|-|-|-|-|-|-|
5|-|-|-|-|-|-|-|-|-|-|
6|-|-|-|-|-|-|-|-|-|-|
7|-|-|-|-|-|-|-|s|s|s|
8|-|-|-|-|r|r|r|-|-|-|
9|-|c|c|c|c|c|-|-|-|-|
HIT/MISS RATIO: 0.750000
ROUND 9
Player HITS: 4 | MISSES: 4
  0 1 2 3 4 5 6 7 8 9
0|-|-|-|-|-|-|-|-|-|-|
1|-|m|-|-|-|-|-|-|d|d|
2|-|m|m|-|-|-|-|-|-|-|
3|*|*|*|*|-|-|-|-|-|-|
4|-|m|-|-|-|-|-|-|-|-|
5|-|-|-|-|m|-|-|-|-|-|
6|-|-|-|-|-|-|-|-|-|-|
7|-|-|-|-|-|-|-|s|s|s|
8|-|-|-|-|r|r|r|-|-|-|
9|-|c|c|c|c|c|-|-|-|-|
HIT/MISS RATIO: 1.000000
ROUND 10
Player HITS: 4 | MISSES: 5
  0 1 2 3 4 5 6 7 8 9
0|-|-|-|-|-|-|-|-|-|-|
1|-|m|-|-|-|-|-|-|d|d|
2|-|m|m|-|-|-|-|-|-|-|
3|*|*|*|*|-|-|-|-|-|-|
4|-|m|-|-|-|-|-|-|-|-|
5|-|-|-|-|m|-|-|-|-|-|
6|-|-|-|-|m|-|-|-|-|-|
7|-|-|-|-|-|-|-|s|s|s|
8|-|-|-|-|r|r|r|-|-|-|
9|-|c|c|c|c|c|-|-|-|-|
HIT/MISS RATIO: 0.800000
ROUND 11
Player HITS: 4 | MISSES: 6
  0 1 2 3 4 5 6 7 8 9
0|-|-|-|-|-|-|-|-|-|-|
1|-|m|-|-|-|-|-|-|d|d|
2|-|m|m|-|-|-|-|-|-|-|
3|*|*|*|*|-|-|-|-|-|-|
4|-|m|-|-|-|-|-|-|-|-|
5|-|-|-|-|m|-|-|-|-|-|
6|-|-|-|-|m|-|-|-|-|-|
7|-|-|-|-|m|-|-|s|s|s|
8|-|-|-|-|r|r|r|-|-|-|
9|-|c|c|c|c|c|-|-|-|-|
HIT/MISS RATIO: 0.666667
ROUND 12
Player HITS: 4 | MISSES: 7
  0 1 2 3 4 5 6 7 8 9
0|-|-|-|-|-|-|-|-|-|-|
1|-|m|-|-|-|-|-|-|d|d|
2|-|m|m|-|-|-|-|-|-|-|
3|*|*|*|*|-|-|-|-|-|-|
4|-|m|-|-|-|-|-|-|-|-|
5|-|-|-|-|m|-|-|-|-|-|
6|-|-|-|-|m|-|-|-|-|-|
7|-|-|-|-|m|-|-|s|s|s|
8|-|-|-|-|*|r|r|-|-|-|
9|-|c|c|c|c|c|-|-|-|-|
HIT/MISS RATIO: 0.571429
ROUND 13
Player HITS: 5 | MISSES: 7
  0 1 2 3 4 5 6 7 8 9
0|-|-|-|-|-|-|-|-|-|-|
1|-|m|-|-|-|-|-|-|d|d|
2|-|m|m|-|-|-|-|-|-|-|
3|*|*|*|*|-|-|-|-|-|-|
4|-|m|-|-|-|-|-|-|-|-|
5|-|-|-|-|m|-|-|-|-|-|
6|-|-|-|-|m|-|-|-|-|-|
7|-|-|-|-|m|-|-|s|s|s|
8|-|-|-|m|*|r|r|-|-|-|
9|-|c|c|c|c|c|-|-|-|-|
HIT/MISS RATIO: 0.714286
ROUND 14
Player HITS: 5 | MISSES: 8
  0 1 2 3 4 5 6 7 8 9
0|-|-|-|-|-|-|-|-|-|-|
1|-|m|-|-|-|-|-|-|d|d|
2|-|m|m|-|-|-|-|-|-|-|
3|*|*|*|*|-|-|-|-|-|-|
4|-|m|-|-|-|-|-|-|-|-|
5|-|-|-|-|m|-|-|-|-|-|
6|-|-|-|-|m|-|-|-|-|-|
7|-|-|-|-|m|-|-|s|s|s|
8|-|-|-|m|*|*|r|-|-|-|
9|-|c|c|c|c|c|-|-|-|-|
HIT/MISS RATIO: 0.625000
ROUND 15
Player HITS: 6 | MISSES: 8
  0 1 2 3 4 5 6 7 8 9
0|-|-|-|-|-|-|-|-|-|-|
1|-|m|-|-|-|-|-|-|d|d|
2|-|m|m|-|-|-|-|-|-|-|
3|*|*|*|*|-|-|-|-|-|-|
4|-|m|-|-|-|-|-|-|-|-|
5|-|-|-|-|m|-|-|-|-|-|
6|-|-|-|-|m|-|-|-|-|-|
7|-|-|-|-|m|-|-|s|s|s|
8|-|-|-|m|*|*|r|-|-|-|
9|-|c|c|c|c|c|m|-|-|-|
HIT/MISS RATIO: 0.750000
ROUND 16
Player HITS: 6 | MISSES: 9
  0 1 2 3 4 5 6 7 8 9
0|-|-|-|-|-|-|-|-|-|-|
1|-|m|-|-|-|-|-|-|d|d|
2|-|m|m|-|-|-|-|-|-|-|
3|*|*|*|*|-|-|-|-|-|-|
4|-|m|-|-|-|-|-|-|-|-|
5|-|-|-|-|m|-|-|-|-|-|
6|-|-|-|-|m|-|-|-|-|-|
7|-|-|-|-|m|-|-|s|s|s|
8|-|-|-|m|*|*|*|-|-|-|
9|-|c|c|c|c|c|m|-|-|-|
HIT/MISS RATIO: 0.666667
ROUND 17
Player HITS: 7 | MISSES: 9
  0 1 2 3 4 5 6 7 8 9
0|-|-|-|-|-|-|-|-|-|-|
1|-|m|-|-|-|-|-|-|d|d|
2|-|m|m|-|-|-|-|-|-|-|
3|*|*|*|*|-|-|-|-|-|-|
4|-|m|-|-|-|-|-|-|-|-|
5|-|-|-|-|m|-|-|-|-|-|
6|-|-|-|-|m|-|m|-|-|-|
7|-|-|-|-|m|-|-|s|s|s|
8|-|-|-|m|*|*|*|-|-|-|
9|-|c|c|c|c|c|m|-|-|-|
HIT/MISS RATIO: 0.777778
ROUND 18
Player HITS: 7 | MISSES: 10
  0 1 2 3 4 5 6 7 8 9
0|-|-|-|-|-|-|-|-|-|-|
1|-|m|-|-|-|-|-|-|d|d|
2|-|m|m|-|-|-|-|-|-|-|
3|*|*|*|*|-|-|-|-|-|-|
4|-|m|-|-|-|-|-|-|-|-|
5|-|-|-|-|m|-|-|-|-|-|
6|-|-|-|-|m|-|m|-|-|-|
7|-|-|-|-|m|-|-|s|s|s|
8|-|-|-|m|*|*|*|m|-|-|
9|-|c|c|c|c|c|m|-|-|-|
HIT/MISS RATIO: 0.700000
ROUND 19
Player HITS: 7 | MISSES: 11
  0 1 2 3 4 5 6 7 8 9
0|-|-|-|-|-|-|-|-|-|-|
1|-|m|-|-|-|-|-|-|d|d|
2|-|m|m|-|-|-|-|-|-|-|
3|*|*|*|*|-|m|-|-|-|-|
4|-|m|-|-|-|-|-|-|-|-|
5|-|-|-|-|m|-|-|-|-|-|
6|-|-|-|-|m|-|m|-|-|-|
7|-|-|-|-|m|-|-|s|s|s|
8|-|-|-|m|*|*|*|m|-|-|
9|-|c|c|c|c|c|m|-|-|-|
HIT/MISS RATIO: 0.636364
ROUND 20
Player HITS: 7 | MISSES: 12
  0 1 2 3 4 5 6 7 8 9
0|-|-|-|-|-|-|-|-|-|-|
1|-|m|-|-|-|-|-|-|d|d|
2|-|m|m|-|-|-|-|-|-|-|
3|*|*|*|*|-|m|-|-|-|-|
4|-|m|-|-|-|m|-|-|-|-|
5|-|-|-|-|m|-|-|-|-|-|
6|-|-|-|-|m|-|m|-|-|-|
7|-|-|-|-|m|-|-|s|s|s|
8|-|-|-|m|*|*|*|m|-|-|
9|-|c|c|c|c|c|m|-|-|-|
HIT/MISS RATIO: 0.583333
ROUND 21
Player HITS: 7 | MISSES: 13
  0 1 2 3 4 5 6 7 8 9
0|-|-|-|-|-|-|-|-|-|-|
1|-|m|-|-|-|-|-|m|d|d|
2|-|m|m|-|-|-|-|-|-|-|
3|*|*|*|*|-|m|-|-|-|-|
4|-|m|-|-|-|m|-|-|-|-|
5|-|-|-|-|m|-|-|-|-|-|
6|-|-|-|-|m|-|m|-|-|-|
7|-|-|-|-|m|-|-|s|s|s|
8|-|-|-|m|*|*|*|m|-|-|
9|-|c|c|c|c|c|m|-|-|-|
HIT/MISS RATIO: 0.538462
ROUND 22
Player HITS: 7 | MISSES: 14
  0 1 2 3 4 5 6 7 8 9
0|-|-|-|-|-|-|-|-|-|-|
1|-|m|-|-|-|-|-|m|d|d|
2|-|m|m|-|-|-|-|m|-|-|
3|*|*|*|*|-|m|-|-|-|-|
4|-|m|-|-|-|m|-|-|-|-|
5|-|-|-|-|m|-|-|-|-|-|
6|-|-|-|-|m|-|m|-|-|-|
7|-|-|-|-|m|-|-|s|s|s|
8|-|-|-|m|*|*|*|m|-|-|
9|-|c|c|c|c|c|m|-|-|-|
HIT/MISS RATIO: 0.500000
ROUND 23
Player HITS: 7 | MISSES: 15
  0 1 2 3 4 5 6 7 8 9
0|-|-|-|-|-|-|-|-|-|-|
1|-|m|-|-|-|-|-|m|d|d|
2|-|m|m|-|-|-|-|m|-|-|
3|*|*|*|*|-|m|-|m|-|-|
4|-|m|-|-|-|m|-|-|-|-|
5|-|-|-|-|m|-|-|-|-|-|
6|-|-|-|-|m|-|m|-|-|-|
7|-|-|-|-|m|-|-|s|s|s|
8|-|-|-|m|*|*|*|m|-|-|
9|-|c|c|c|c|c|m|-|-|-|
HIT/MISS RATIO: 0.466667
ROUND 24
Player HITS: 7 | MISSES: 16
  0 1 2 3 4 5 6 7 8 9
0|-|-|-|-|-|-|-|-|-|-|
1|-|m|-|-|-|-|-|m|d|d|
2|-|m|m|-|-|-|-|m|-|-|
3|*|*|*|*|-|m|-|m|-|-|
4|-|m|-|-|-|m|-|m|-|-|
5|-|-|-|-|m|-|-|-|-|-|
6|-|-|-|-|m|-|m|-|-|-|
7|-|-|-|-|m|-|-|s|s|s|
8|-|-|-|m|*|*|*|m|-|-|
9|-|c|c|c|c|c|m|-|-|-|
HIT/MISS RATIO: 0.437500
ROUND 25
Player HITS: 7 | MISSES: 17
  0 1 2 3 4 5 6 7 8 9
0|-|-|-|-|-|-|-|-|-|-|
1|-|m|-|-|-|-|-|m|d|d|
2|-|m|m|-|-|-|-|m|-|-|
3|*|*|*|*|-|m|-|m|-|-|
4|-|m|-|-|-|m|-|m|-|-|
5|-|-|-|-|m|-|-|m|-|-|
6|-|-|-|-|m|-|m|-|-|-|
7|-|-|-|-|m|-|-|s|s|s|
8|-|-|-|m|*|*|*|m|-|-|
9|-|c|c|c|c|c|m|-|-|-|
HIT/MISS RATIO: 0.411765
ROUND 26
Player HITS: 7 | MISSES: 18
  0 1 2 3 4 5 6 7 8 9
0|-|-|-|-|-|-|-|-|-|-|
1|-|m|-|-|-|-|-|m|d|d|
2|-|m|m|-|-|-|-|m|-|-|
3|*|*|*|*|-|m|-|m|-|-|
4|-|m|-|-|-|m|-|m|-|-|
5|-|-|-|-|m|-|-|m|-|-|
6|-|-|-|-|m|-|m|m|-|-|
7|-|-|-|-|m|-|-|s|s|s|
8|-|-|-|m|*|*|*|m|-|-|
9|-|c|c|c|c|c|m|-|-|-|
HIT/MISS RATIO: 0.388889
ROUND 27
Player HITS: 7 | MISSES: 19
  0 1 2 3 4 5 6 7 8 9
0|-|-|-|-|-|-|-|-|-|-|
1|-|m|-|-|-|-|-|m|d|d|
2|-|m|m|-|-|-|-|m|-|-|
3|*|*|*|*|-|m|-|m|-|-|
4|-|m|-|-|-|m|-|m|-|-|
5|-|-|-|-|m|-|-|m|-|-|
6|-|-|-|-|m|-|m|m|-|-|
7|-|-|-|-|m|-|-|*|s|s|
8|-|-|-|m|*|*|*|m|-|-|
9|-|c|c|c|c|c|m|-|-|-|
HIT/MISS RATIO: 0.368421
ROUND 28
Player HITS: 8 | MISSES: 19
  0 1 2 3 4 5 6 7 8 9
0|-|-|-|-|-|-|-|-|-|-|
1|-|m|-|-|-|-|-|m|d|d|
2|-|m|m|-|-|-|-|m|-|-|
3|*|*|*|*|-|m|-|m|-|-|
4|-|m|-|-|-|m|-|m|-|-|
5|-|-|-|-|m|-|-|m|-|-|
6|-|-|-|-|m|-|m|m|-|-|
7|-|-|-|-|m|-|m|*|s|s|
8|-|-|-|m|*|*|*|m|-|-|
9|-|c|c|c|c|c|m|-|-|-|
HIT/MISS RATIO: 0.421053
ROUND 29
Player HITS: 8 | MISSES: 20
  0 1 2 3 4 5 6 7 8 9
0|-|-|-|-|-|-|-|-|-|-|
1|-|m|-|-|-|-|-|m|d|d|
2|-|m|m|-|-|-|-|m|-|-|
3|*|*|*|*|-|m|-|m|-|-|
4|-|m|-|-|-|m|-|m|-|-|
5|-|-|-|-|m|-|-|m|-|-|
6|-|-|-|-|m|-|m|m|-|-|
7|-|-|-|-|m|-|m|*|*|s|
8|-|-|-|m|*|*|*|m|-|-|
9|-|c|c|c|c|c|m|-|-|-|
HIT/MISS RATIO: 0.400000
ROUND 30
Player HITS: 9 | MISSES: 20
  0 1 2 3 4 5 6 7 8 9
0|-|-|-|-|-|-|-|-|-|-|
1|-|m|-|-|-|-|-|m|d|d|
2|-|m|m|-|-|-|-|m|-|-|
3|*|*|*|*|-|m|-|m|-|-|
4|-|m|-|-|-|m|-|m|-|-|
5|-|-|-|-|m|-|-|m|-|-|
6|-|-|-|-|m|-|m|m|-|-|
7|-|-|-|-|m|-|m|*|*|s|
8|-|-|-|m|*|*|*|m|-|-|
9|-|c|c|c|c|c|m|-|m|-|
HIT/MISS RATIO: 0.450000
ROUND 31
Player HITS: 9 | MISSES: 21
  0 1 2 3 4 5 6 7 8 9
0|-|-|-|-|-|-|-|-|-|-|
1|-|m|-|-|-|-|-|m|d|d|
2|-|m|m|-|-|-|-|m|-|-|
3|*|*|*|*|-|m|-|m|-|-|
4|-|m|-|-|-|m|-|m|-|-|
5|-|-|-|-|m|-|-|m|-|-|
6|-|-|-|-|m|-|m|m|-|-|
7|-|-|-|-|m|-|m|*|*|*|
8|-|-|-|m|*|*|*|m|-|-|
9|-|c|c|c|c|c|m|-|m|-|
HIT/MISS RATIO: 0.428571
ROUND 32
Player HITS: 10 | MISSES: 21
  0 1 2 3 4 5 6 7 8 9
0|-|-|-|-|-|-|-|-|-|-|
1|-|m|-|-|-|-|-|m|d|d|
2|-|m|m|-|-|-|-|m|-|-|
3|*|*|*|*|-|m|-|m|-|-|
4|-|m|-|-|-|m|-|m|-|-|
5|-|m|-|-|m|-|-|m|-|-|
6|-|-|-|-|m|-|m|m|-|-|
7|-|-|-|-|m|-|m|*|*|*|
8|-|-|-|m|*|*|*|m|-|-|
9|-|c|c|c|c|c|m|-|m|-|
HIT/MISS RATIO: 0.476190
ROUND 33
Player HITS: 10 | MISSES: 22
  0 1 2 3 4 5 6 7 8 9
0|-|-|-|-|-|-|-|-|-|-|
1|-|m|-|-|-|-|-|m|d|d|
2|-|m|m|-|-|-|-|m|-|-|
3|*|*|*|*|-|m|-|m|-|-|
4|-|m|-|-|-|m|-|m|-|-|
5|-|m|-|-|m|-|-|m|-|-|
6|-|m|-|-|m|-|m|m|-|-|
7|-|-|-|-|m|-|m|*|*|*|
8|-|-|-|m|*|*|*|m|-|-|
9|-|c|c|c|c|c|m|-|m|-|
HIT/MISS RATIO: 0.454545
ROUND 34
Player HITS: 10 | MISSES: 23
  0 1 2 3 4 5 6 7 8 9
0|-|-|-|-|-|-|-|-|-|-|
1|-|m|-|-|-|-|-|m|d|d|
2|-|m|m|-|-|-|-|m|-|-|
3|*|*|*|*|-|m|-|m|-|-|
4|-|m|-|-|-|m|-|m|-|-|
5|-|m|-|-|m|-|-|m|-|-|
6|-|m|-|-|m|-|m|m|-|-|
7|-|m|-|-|m|-|m|*|*|*|
8|-|-|-|m|*|*|*|m|-|-|
9|-|c|c|c|c|c|m|-|m|-|
HIT/MISS RATIO: 0.434783
ROUND 35
Player HITS: 10 | MISSES: 24
  0 1 2 3 4 5 6 7 8 9
0|-|-|-|-|-|-|-|-|-|-|
1|-|m|-|-|-|-|-|m|d|d|
2|-|m|m|-|-|-|-|m|-|-|
3|*|*|*|*|-|m|-|m|-|-|
4|-|m|-|-|-|m|-|m|-|-|
5|-|m|-|-|m|-|-|m|-|-|
6|-|m|-|-|m|-|m|m|-|-|
7|-|m|-|-|m|-|m|*|*|*|
8|-|m|-|m|*|*|*|m|-|-|
9|-|c|c|c|c|c|m|-|m|-|
HIT/MISS RATIO: 0.416667
ROUND 36
Player HITS: 10 | MISSES: 25
  0 1 2 3 4 5 6 7 8 9
0|-|-|-|-|-|-|-|-|-|-|
1|-|m|-|-|-|-|-|m|d|d|
2|-|m|m|-|-|-|-|m|-|-|
3|*|*|*|*|-|m|-|m|-|-|
4|-|m|-|-|-|m|-|m|-|-|
5|-|m|-|-|m|-|-|m|-|-|
6|-|m|-|-|m|-|m|m|-|-|
7|-|m|-|-|m|-|m|*|*|*|
8|-|m|-|m|*|*|*|m|-|-|
9|-|c|*|c|c|c|m|-|m|-|
HIT/MISS RATIO: 0.400000
ROUND 37
Player HITS: 11 | MISSES: 25
  0 1 2 3 4 5 6 7 8 9
0|-|-|-|-|-|-|-|-|-|-|
1|-|m|-|-|-|-|-|m|d|d|
2|-|m|m|-|-|-|-|m|-|-|
3|*|*|*|*|-|m|-|m|-|-|
4|-|m|-|-|-|m|-|m|-|-|
5|-|m|-|-|m|-|-|m|-|-|
6|-|m|-|-|m|-|m|m|-|-|
7|-|m|-|-|m|-|m|*|*|*|
8|-|m|-|m|*|*|*|m|-|-|
9|-|c|*|*|c|c|m|-|m|-|
HIT/MISS RATIO: 0.440000
ROUND 38
Player HITS: 12 | MISSES: 25
  0 1 2 3 4 5 6 7 8 9
0|-|-|-|-|-|-|-|-|-|-|
1|-|m|-|-|-|-|-|m|d|d|
2|-|m|m|-|-|-|-|m|-|-|
3|*|*|*|*|-|m|-|m|-|-|
4|-|m|-|-|-|m|-|m|-|-|
5|-|m|-|-|m|-|-|m|-|-|
6|-|m|-|-|m|-|m|m|-|-|
7|-|m|-|-|m|-|m|*|*|*|
8|-|m|-|m|*|*|*|m|-|-|
9|-|c|*|*|c|c|m|-|m|-|
HIT/MISS RATIO: 0.480000
ROUND 39
Player HITS: 12 | MISSES: 25
  0 1 2 3 4 5 6 7 8 9
0|-|-|-|-|-|-|-|-|-|-|
1|-|m|-|-|-|-|-|m|d|d|
2|-|m|m|-|-|-|-|m|-|-|
3|*|*|*|*|-|m|-|m|-|-|
4|-|m|-|-|-|m|-|m|-|-|
5|-|m|-|-|m|-|-|m|-|-|
6|-|m|-|-|m|-|m|m|-|-|
7|-|m|-|-|m|-|m|*|*|*|
8|-|m|-|m|*|*|*|m|-|-|
9|-|c|*|*|*|c|m|-|m|-|
HIT/MISS RATIO: 0.480000
ROUND 40
Player HITS: 13 | MISSES: 25
  0 1 2 3 4 5 6 7 8 9
0|-|-